INFO : 2018-10-28 09:40:33,872 : Running with settings
NFS_PATH:	/home/app/nfs
WEB_IP:	nginx
WEB_PORT:	80
WEB_VIDEO_STAT_ENPOINT:	http://nginx:80/api/contest/videos/status/
WORKER_TIME_FILE_PATH	/home/app/logs/time.txt
Running with settings
NFS_PATH:	/home/app/nfs
WEB_IP:	nginx
WEB_PORT:	80
WEB_VIDEO_STAT_ENPOINT:	http://nginx:80/api/contest/videos/status/
WORKER_TIME_FILE_PATH	/home/app/logs/time.txt
INFO : 2018-10-28 09:40:33,872 : Rabbitmq broker selected
Rabbitmq broker selected
Rabbitmq broker selected
INFO : 2018-10-28 09:40:33,873 : AWS SQS broker selected
AWS SQS broker selected
AWS SQS broker selected
/usr/local/lib/python3.6/site-packages/celery/platforms.py:796: RuntimeWarning: You're running the worker with superuser privileges: this is
absolutely not recommended!

Please specify a different user using the --uid option.

User information: uid=0 euid=0 gid=0 egid=0

  uid=uid, euid=euid, gid=gid, egid=egid,
[2018-10-28 09:40:34,488: INFO/MainProcess] Connected to sqs://AKIAJM5AFZN4YWLUJFKQ:**@sqs.us-west-2.amazonaws.com/660158453105/aucar-sqs-D-celery
[2018-10-28 09:40:35,198: INFO/MainProcess] celery@a579491104ce ready.
